{"level":"error","message":"Chi phí không tồn tại hoặc đã bị xóa","method":"PATCH","path":"/api/v1/group/491132ea-63f2-4340-94f2-dde36d44b8e3/expenses/e9226439-63ff-4301-86e7-d9cd08392fa2/update","status":404,"timestamp":"2026-01-06T06:06:18.551Z"}
{"level":"error","message":"Bạn không có quyền chỉnh sửa chi phí này","method":"PATCH","path":"/api/v1/group/491132ea-63f2-4340-94f2-dde36d44b8e3/expenses/bd05275a-e42b-4a7a-a943-655ad9b792e7/update","status":403,"timestamp":"2026-01-06T06:06:50.287Z"}
{"level":"error","message":"Bạn không thể chỉnh sửa chi phí này vì một số khoản thanh toán đã được xác nhận.","method":"PATCH","path":"/api/v1/group/491132ea-63f2-4340-94f2-dde36d44b8e3/expenses/bd05275a-e42b-4a7a-a943-655ad9b792e7/update","status":403,"timestamp":"2026-01-06T06:07:21.141Z"}
{"level":"error","message":"Số tiền phải thanh toán không khớp","method":"POST","path":"/api/v1/group/491132ea-63f2-4340-94f2-dde36d44b8e3/settlements/create","status":403,"timestamp":"2026-01-06T06:09:37.489Z"}
{"level":"error","message":"Bạn không phải là thành viên của nhóm này","method":"POST","path":"/api/v1/group/c6d13b9b-3aa7-4cdf-82dc-e4a162ab7084/settlements/8350953a-9358-417b-a548-1e629b63170a/reject","status":403,"timestamp":"2026-01-06T06:13:46.478Z"}
{"level":"error","message":"Khoản thanh toán đã được xử lý trước đó","method":"POST","path":"/api/v1/group/491132ea-63f2-4340-94f2-dde36d44b8e3/settlements/8350953a-9358-417b-a548-1e629b63170a/confirm","status":403,"timestamp":"2026-01-06T06:16:43.341Z"}
{"level":"error","message":"Khoản thanh toán đang trong trạng thái tranh chấp","method":"POST","path":"/api/v1/group/491132ea-63f2-4340-94f2-dde36d44b8e3/settlements/8350953a-9358-417b-a548-1e629b63170a/dispute","status":403,"timestamp":"2026-01-06T06:17:28.622Z"}
{"level":"error","message":"Bạn không phải người xác nhận thanh toán","method":"POST","path":"/api/v1/group/491132ea-63f2-4340-94f2-dde36d44b8e3/settlements/24e433ac-bc8e-43be-9f83-b786d98be6fb/confirm","status":403,"timestamp":"2026-01-06T06:33:45.855Z"}
{"level":"error","message":"Khoản thanh toán đã được xử lý trước đó","method":"POST","path":"/api/v1/group/491132ea-63f2-4340-94f2-dde36d44b8e3/settlements/24e433ac-bc8e-43be-9f83-b786d98be6fb/confirm","status":403,"timestamp":"2026-01-06T06:34:25.184Z"}
{"level":"error","message":"Khoản thanh toán đã được xử lý trước đó","method":"POST","path":"/api/v1/group/491132ea-63f2-4340-94f2-dde36d44b8e3/settlements/24e433ac-bc8e-43be-9f83-b786d98be6fb/confirm","status":403,"timestamp":"2026-01-06T06:34:27.940Z"}
{"level":"error","message":"Số điện thoại không hợp lệ","method":"POST","path":"/api/v1/auth/login","status":400,"timestamp":"2026-01-06T09:55:50.271Z"}
{"level":"error","message":"Mật khẩu không hợp lệ","method":"POST","path":"/api/v1/auth/login","status":400,"timestamp":"2026-01-06T09:56:04.397Z"}
{"level":"error","message":"Mật khẩu không hợp lệ","method":"POST","path":"/api/v1/auth/login","status":400,"timestamp":"2026-01-06T09:56:44.287Z"}
{"level":"error","message":"Quá nhiều lần gửi lại. Vui lòng thử lại sau.","method":"POST","path":"/api/v1/otp/register/resend","status":429,"timestamp":"2026-01-06T10:28:13.310Z"}
{"level":"error","message":"Quá nhiều lần gửi lại. Vui lòng thử lại sau.","method":"POST","path":"/api/v1/otp/register/resend","status":429,"timestamp":"2026-01-06T10:31:31.001Z"}
{"level":"error","message":"Quá nhiều lần gửi lại. Vui lòng thử lại sau.","method":"POST","path":"/api/v1/otp/register/resend","status":429,"timestamp":"2026-01-06T10:33:25.692Z"}
{"level":"error","message":"Quá nhiều lần gửi lại. Vui lòng thử lại sau.","method":"POST","path":"/api/v1/otp/register/resend","status":429,"timestamp":"2026-01-06T10:33:31.209Z"}
{"level":"error","message":"Quá nhiều lần gửi lại. Vui lòng thử lại sau.","method":"POST","path":"/api/v1/otp/register/resend","status":429,"timestamp":"2026-01-06T10:33:34.684Z"}
{"level":"error","message":"Quá nhiều lần gửi lại. Vui lòng thử lại sau.","method":"POST","path":"/api/v1/otp/register/resend","status":429,"timestamp":"2026-01-06T10:35:22.559Z"}
{"level":"error","message":"Quá nhiều lần gửi lại. Vui lòng thử lại sau.","method":"POST","path":"/api/v1/otp/register/resend","status":429,"timestamp":"2026-01-06T10:35:57.960Z"}
{"level":"error","message":"Quá nhiều lần gửi lại. Vui lòng thử lại sau.","method":"POST","path":"/api/v1/otp/register/resend","status":429,"timestamp":"2026-01-06T10:37:18.931Z"}
